<?xml version="1.0" encoding="UTF-8"?>
<testng-results ignored="0" total="1" passed="1" failed="0" skipped="0">
  <reporter-output>
  </reporter-output>
  <suite started-at="2025-09-24T20:06:09 IST" name="DreamPortal Test Suite" finished-at="2025-09-24T20:06:18 IST" duration-ms="8771">
    <groups>
    </groups>
    <test started-at="2025-09-24T20:06:09 IST" name="DreamPortal Tests" finished-at="2025-09-24T20:06:18 IST" duration-ms="8771">
      <class name="com.assignment.tests.DreamPortalTest">
        <test-method is-config="true" signature="setup()[pri:0, instance:com.assignment.tests.DreamPortalTest@222545dc]" started-at="2025-09-24T20:06:09 IST" name="setup" finished-at="2025-09-24T20:06:12 IST" duration-ms="2514" status="PASS">
          <reporter-output>
          </reporter-output>
        </test-method> <!-- setup -->
        <test-method signature="testDreamPortalFunctionality()[pri:0, instance:com.assignment.tests.DreamPortalTest@222545dc]" started-at="2025-09-24T20:06:12 IST" name="testDreamPortalFunctionality" finished-at="2025-09-24T20:06:18 IST" duration-ms="5954" status="PASS">
          <reporter-output>
          </reporter-output>
        </test-method> <!-- testDreamPortalFunctionality -->
        <test-method is-config="true" signature="teardown()[pri:0, instance:com.assignment.tests.DreamPortalTest@222545dc]" started-at="2025-09-24T20:06:18 IST" name="teardown" finished-at="2025-09-24T20:06:18 IST" duration-ms="249" status="PASS">
          <reporter-output>
          </reporter-output>
        </test-method> <!-- teardown -->
      </class> <!-- com.assignment.tests.DreamPortalTest -->
    </test> <!-- DreamPortal Tests -->
  </suite> <!-- DreamPortal Test Suite -->
</testng-results>
